C:\msys64\mingw64\bin\mingw32-make.exe all --print-data-base --no-builtin-variables --no-builtin-rules --question
# GNU Make 4.3
# Built for Windows32
# Copyright (C) 1988-2020 Free Software Foundation, Inc.
# License GPLv3+: GNU GPL version 3 or later <http://gnu.org/licenses/gpl.html>
# This is free software: you are free to change and redistribute it.
# There is NO WARRANTY, to the extent permitted by law.

# Make data base, printed on Wed May 25 15:16:09 2022

# Variables

# environment
SYSTEMDRIVE = C:
# makefile (from 'Makefile', line 23)
OBJ = $(SRC:$(SRCDIR)/%$(EXT)=$(OBJDIR)/%.o)
# environment
LC_ALL = C
# makefile (from 'Makefile', line 22)
SRC = $(wildcard $(SRCDIR)/*$(EXT))
# makefile (from 'Makefile', line 12)
EXT = .cpp
# makefile (from 'Makefile', line 35)
WDELOBJ = $(SRC:$(SRCDIR)/%$(EXT)=$(OBJDIR)\\%.o)
# makefile (from 'Makefile', line 14)
OBJDIR = obj
# environment
USERPROFILE = C:\Users\quint 

# environment
LOCALAPPDATA = C:\Users\quint\AppData\Local
# environment
VSCODE_IPC_HOOK_EXTHOST = \\.\pipe\vscode-ipc-beb613e4-1a9e-4b6e-869d-5257c2347a51-sock
# environment
VSCODE_CWD = C:\Users\quint\AppData\Local\Programs\Microsoft VS Code
# makefile (from 'Makefile', line 17)
TESTSRCDIR = test
# makefile (from 'Makefile', line 31)
DELOBJ = $(OBJ) $(TESTOBJ)
# environment
SYSTEMROOT = C:\Windows
# environment
PROCESSOR_LEVEL = 23
# environment
PSMODULEPATH = C:\Program Files\WindowsPowerShell\Modules;C:\Windows\system32\WindowsPowerShell\v1.0\Modules
# default
MAKE_COMMAND := C:/msys64/mingw64/bin/mingw32-make.exe
# automatic
@D = $(patsubst %/,%,$(patsubst %\,%,$(dir $@)))
# makefile (from 'Makefile', line 27)
TESTOBJ = $(TESTSRC:$(TESTSRCDIR)/%$(EXT)=$(TESTOBJDIR)/%.o)
# environment
CHROME_CRASHPAD_PIPE_NAME = \\.\pipe\crashpad_18604_EHOMVNRRDONPDRYP
# environment
VSCODE_HANDLES_UNCAUGHT_ERRORS = true
# default
.VARIABLES := 
# automatic
%D = $(patsubst %/,%,$(patsubst %\,%,$(dir $%)))
# automatic
^D = $(patsubst %/,%,$(patsubst %\,%,$(dir $^)))
# environment
VSCODE_LOG_STACK = false
# automatic
%F = $(notdir $%)
# environment
VSCODE_CODE_CACHE_PATH = C:\Users\quint\AppData\Roaming\Code\CachedData\c3511e6c69bb39013c4a4b7b9566ec1ca73fc4d5
# environment
LANG = C
# default
.LOADED := 
# environment
TMP = C:\Users\quint\AppData\Local\Temp
# default
.INCLUDE_DIRS = .
# makefile
MAKEFLAGS = pqrR
# environment
PT6HOME = C:\Program Files (x86)\Cisco Packet Tracer 6.2sv
# environment
ONEDRIVE = C:\Users\quint\OneDrive
# makefile (from 'Makefile', line 24)
DEP = $(OBJ:$(OBJDIR)/%.o=%.d)
# makefile
CURDIR := c:/Users/quint/ProjectAC/Summatief2
# environment
VSCODE_PIPE_LOGGING = true
# environment
APPLICATION_INSIGHTS_NO_DIAGNOSTIC_CHANNEL = 1
# automatic
*D = $(patsubst %/,%,$(patsubst %\,%,$(dir $*)))
# environment
PROGRAMFILES = C:\Program Files
# environment
MFLAGS = -pqrR
# default
.SHELLFLAGS := -c
# environment
COMMONPROGRAMW6432 = C:\Program Files\Common Files
# automatic
+D = $(patsubst %/,%,$(patsubst %\,%,$(dir $+)))
# makefile (from 'Makefile', line 1)
MAKEFILE_LIST := Makefile
# automatic
@F = $(notdir $@)
# environment
VSCODE_VERBOSE_LOGGING = true
# environment
VSCODE_PID = 18604
# makefile (from 'Makefile', line 11)
APPNAME = warehouse
# automatic
?D = $(patsubst %/,%,$(patsubst %\,%,$(dir $?)))
# automatic
*F = $(notdir $*)
# automatic
<D = $(patsubst %/,%,$(patsubst %\,%,$(dir $<)))
# environment
VSCODE_NLS_CONFIG = {"locale":"en-us","availableLanguages":{},"_languagePackSupport":true}
# default
MAKE_HOST := Windows32
# environment
PROGRAMDATA = C:\ProgramData
# default
SHELL := sh.exe
# environment
HOMEPATH = \Users\quint
# default
MAKECMDGOALS := all
# environment
DRIVERDATA = C:\Windows\System32\Drivers\DriverData
# environment
COMSPEC = C:\Windows\system32\cmd.exe
# environment
WINDIR = C:\Windows
# environment
MAKELEVEL := 0
# default
MAKE = $(MAKE_COMMAND)
# environment
PATH = C:\Windows\system32;C:\Windows;C:\Windows\System32\Wbem;C:\Windows\System32\WindowsPowerShell\v1.0\;C:\Windows\System32\OpenSSH\;C:\Program Files\Azure Data Studio\bin;C:\Program Files\PuTTY\;C:\Python34\Scripts;C:\Users\quint\AppData\Local\Programs\Python\Python39;C:\Users\quint\AppData\Local\Programs\Python\Python39\Scripts;C:\Program Files\Git\cmd;C:\msys64\mingw64\bin;C;C:\Windows\system32;C:\Windows;C:\Windows\System32\Wbem;C:\Windows\System32\WindowsPowerShell\v1.0\;C:\Windows\System32\OpenSSH\;C:\Program Files\Azure Data Studio\bin;C:\Program Files\Git\cmd;C:\Program Files\PuTTY\;C:\Python34\Scripts;C:\Windows\system32;C:\Windows;C:\Windows\System32\Wbem;C:\Windows\System32\WindowsPowerShell\v1.0\;C:\Windows\System32\OpenSSH\;C:\Program Files\Azure Data Studio\bin;C:\Program Files\Git\cmd;C:\Program Files\PuTTY\;C:\Users\quint\AppData\Local\Microsoft\WindowsApps;C:\Users\quint\AppData\Local\Programs\Microsoft VS Code\bin;C:\Program Files\Azure Data Studio\bin;C:\Users\quint\AppData\Local\GitHubDesktop\bin;C:\Python34\Scripts;C:\Python37\Scripts;C:\msys64\mingw64\bin;C:\ProgramData\Microsoft\Windows\Start Menu\Programs\doxygen;C:\Flex Windows\gcc\bin;C:\Flex Windows\Lex\bin;C:\Flex Windows\bison\bin
# environment
COMPUTERNAME = LAPTOP-EHSDQLBG
# default
MAKEFILES := 
# automatic
^F = $(notdir $^)
# environment
PROMPT = $P$G
# environment
LOGONSERVER = \\LAPTOP-EHSDQLBG
# environment
VSCODE_LOG_NATIVE = false
# environment
USERNAME = quint
# environment
COMMONPROGRAMFILES = C:\Program Files\Common Files
# automatic
?F = $(notdir $?)
# environment
PROGRAMW6432 = C:\Program Files
# environment
PATHEXT = .COM;.EXE;.BAT;.CMD;.VBS;.VBE;.JS;.JSE;.WSF;.WSH;.MSC
# automatic
+F = $(notdir $+)
# environment
ORIGINAL_XDG_CURRENT_DESKTOP = undefined
# environment
USERDOMAIN = LAPTOP-EHSDQLBG
# 'override' directive
GNUMAKEFLAGS := 
# environment
OS = Windows_NT
# environment
__COMPAT_LAYER = DetectorsAppHealth
# makefile (from 'Makefile', line 36)
WDELTESTOBJ = $(TESTSRC:$(TESTSRCDIR)/%$(EXT)=$(TESTOBJDIR)\\%.o)
# makefile (from 'Makefile', line 34)
EXE = .exe
# makefile
.DEFAULT_GOAL := all
# makefile (from 'Makefile', line 30)
RM = rm
# default
MAKE_VERSION := 4.3
# environment
PROGRAMFILES(X86) = C:\Program Files (x86)
# makefile (from 'Makefile', line 8)
LDFLAGS = 
# makefile (from 'Makefile', line 33)
DEL = del
# environment
USERDOMAIN_ROAMINGPROFILE = LAPTOP-EHSDQLBG
# environment
NUMBER_OF_PROCESSORS = 16
# environment
PUBLIC = C:\Users\Public
# makefile (from 'Makefile', line 16)
TESTAPPNAME = test_vector
# makefile (from 'Makefile', line 18)
TESTOBJDIR = testobj
# environment
APPDATA = C:\Users\quint\AppData\Roaming
# environment
HOMEDRIVE = C:
# environment
PROCESSOR_ARCHITECTURE = AMD64
# environment
VSCODE_AMD_ENTRYPOINT = vs/workbench/api/node/extensionHostProcess
# environment
COMMONPROGRAMFILES(X86) = C:\Program Files (x86)\Common Files
# environment
ELECTRON_RUN_AS_NODE = 1
# environment
TEMP = C:\Users\quint\AppData\Local\Temp
# environment
VSCODE_IPC_HOOK = \\.\pipe\aed8fe70581e94bb586f8c6f23137127-1.67.2-main-sock
# makefile (from 'Makefile', line 28)
TESTDEP = $(TESTOBJ:$(TESTOBJDIR)/%.o=%.d)
# makefile (from 'Makefile', line 13)
SRCDIR = src
# default
.RECIPEPREFIX := 
# automatic
<F = $(notdir $<)
# default
SUFFIXES := 
# environment
ALLUSERSPROFILE = C:\ProgramData
# environment
SESSIONNAME = Console
# makefile (from 'Makefile', line 7)
CXXFLAGS = -std=c++17 -Wall
# default
.FEATURES := target-specific order-only second-expansion else-if shortest-stem undefine oneshell nocomment grouped-target extra-prereqs archives jobserver output-sync load
# environment
PROCESSOR_REVISION = 6001
# makefile (from 'Makefile', line 6)
CC = g++
# makefile (from 'Makefile', line 26)
TESTSRC = $(wildcard $(TESTSRCDIR)/*$(EXT))
# environment
PROCESSOR_IDENTIFIER = AMD64 Family 23 Model 96 Stepping 1, AuthenticAMD
# variable set hash-table stats:
# Load=115/1024=11%, Rehash=0, Collisions=16/233=7%

# Pattern-specific Variable Values

# No pattern-specific variable values.

# Directories

# src (key c:/Users/quint/ProjectAC/Summatief2/src, mtime 1653477228): 12 files, 1 impossibilities.
# . (key c:/Users/quint/ProjectAC/Summatief2, mtime 1653484032): 14 files, no impossibilities.
# test (key c:/Users/quint/ProjectAC/Summatief2/test, mtime 1653479608): 4 files, 4 impossibilities.

# 30 files, 5 impossibilities in 3 directories.

# Implicit Rules

%.d: src/%.cpp test/%.cpp
#  recipe to execute (from 'Makefile', line 53):
	@$(CPP) $(CFLAGS) $< -MM -MT $(@:%.d=$(OBJDIR)/%.o) >$@

obj/%.o: src/%.cpp main.cpp
#  recipe to execute (from 'Makefile', line 61):
	$(CC) $(CXXFLAGS) -o $@ -c $<

testobj/%.o: test/%.cpp
#  recipe to execute (from 'Makefile', line 64):
	$(CC) $(CXXFLAGS) -o $@ -c $<  -Isrc/

# 3 implicit rules, 0 (0.0%) terminal.
# Files

# Not a target:
warehouse.d:
#  Implicit rule search has been done.
#  File does not exist.
#  File has been updated.
#  Failed to be updated.

cleandepw:
#  Phony target (prerequisite of .PHONY).
#  Implicit rule search has not been done.
#  File does not exist.
#  File has not been updated.
#  recipe to execute (from 'Makefile', line 86):
	$(DEL) $(DEP) $(TESTDEP)

# Not a target:
obj/shelf.o:
#  Implicit rule search has not been done.
#  Modification time never checked.
#  File has not been updated.

# Not a target:
obj/warehouse.o:
#  Implicit rule search has not been done.
#  Modification time never checked.
#  File has not been updated.

# Not a target:
employee.d:
#  Implicit rule search has been done.
#  File does not exist.
#  File has been updated.
#  Failed to be updated.

# Not a target:
shelf.d:
#  Implicit rule search has been done.
#  File does not exist.
#  File has been updated.
#  Failed to be updated.

cleandep:
#  Phony target (prerequisite of .PHONY).
#  Implicit rule search has not been done.
#  File does not exist.
#  File has not been updated.
#  recipe to execute (from 'Makefile', line 75):
	$(RM) $(DEP) $(TESTDEP)

# Not a target:
Makefile:
#  Implicit rule search has been done.
#  Last modified 2022-05-25 15:16:08
#  File has been updated.
#  Successfully updated.

# Not a target:
pallet.d:
#  Implicit rule search has been done.
#  File does not exist.
#  File has been updated.
#  Failed to be updated.

clean:
#  Phony target (prerequisite of .PHONY).
#  Implicit rule search has not been done.
#  File does not exist.
#  File has not been updated.
#  recipe to execute (from 'Makefile', line 70):
	$(RM) $(DELOBJ) $(DELTESTOBJ)  $(DEP) $(TESTDEP) $(APPNAME)

# Not a target:
.DEFAULT:
#  Implicit rule search has not been done.
#  Modification time never checked.
#  File has not been updated.

all: cleanw warehouse test_vector
#  Command line target.
#  Implicit rule search has been done.
#  File does not exist.
#  File has been updated.
#  Needs to be updated (-q is set).
# variable set hash-table stats:
# Load=0/32=0%, Rehash=0, Collisions=0/38=0%

# Not a target:
testobj/test_vector.o:
#  Implicit rule search has not been done.
#  Modification time never checked.
#  File has not been updated.

# Not a target:
main.o:
#  Implicit rule search has not been done.
#  Modification time never checked.
#  File has not been updated.

cleanw:
#  Phony target (prerequisite of .PHONY).
#  Implicit rule search has not been done.
#  Implicit/static pattern stem: ''
#  File does not exist.
#  File has been updated.
#  Needs to be updated (-q is set).
# automatic
# @ := cleanw
# automatic
# * := 
# automatic
# < := 
# automatic
# + := 
# automatic
# % := 
# automatic
# ^ := 
# automatic
# ? := 
# automatic
# | := 
# variable set hash-table stats:
# Load=8/32=25%, Rehash=0, Collisions=17/46=37%
#  recipe to execute (from 'Makefile', line 81):
	$(DEL) $(WDELOBJ) $(WDELTESTOBJ) $(DEP) $(TESTDEP) $(APPNAME)$(EXE)

warehouse: obj/employee.o obj/pallet.o obj/shelf.o obj/warehouse.o main.o
#  Implicit rule search has not been done.
#  Modification time never checked.
#  File has not been updated.
#  recipe to execute (from 'Makefile', line 46):
	$(CC) $(CXXFLAGS) -o $@ $^ $(LDFLAGS)

test_vector: obj/employee.o obj/pallet.o obj/shelf.o obj/warehouse.o testobj/test_vector.o
#  Implicit rule search has not been done.
#  Modification time never checked.
#  File has not been updated.
#  recipe to execute (from 'Makefile', line 49):
	$(CC) $(CXXFLAGS) -o $@ $^ $(LDFLAGS)

# Not a target:
test_vector.d:
#  Implicit rule search has been done.
#  File does not exist.
#  File has been updated.
#  Failed to be updated.

# Not a target:
.SUFFIXES:
#  Implicit rule search has not been done.
#  Modification time never checked.
#  File has not been updated.

# Not a target:
obj/pallet.o:
#  Implicit rule search has not been done.
#  Modification time never checked.
#  File has not been updated.

.PHONY: clean cleandep cleanw cleandepw
#  Implicit rule search has not been done.
#  Modification time never checked.
#  File has not been updated.

# Not a target:
obj/employee.o:
#  Implicit rule search has not been done.
#  Modification time never checked.
#  File has not been updated.

# files hash-table stats:
# Load=22/1024=2%, Rehash=0, Collisions=3/83=4%
# VPATH Search Paths

# No 'vpath' search paths.

# No general ('VPATH' variable) search path.

# strcache buffers: 1 (0) / strings = 59 / storage = 657 B / avg = 11 B
# current buf: size = 8162 B / used = 657 B / count = 59 / avg = 11 B

# strcache performance: lookups = 120 / hit rate = 50%
# hash-table stats:
# Load=59/8192=1%, Rehash=0, Collisions=0/120=0%
# Finished Make data base on Wed May 25 15:16:09 2022

 
